<?xml version="1.0" encoding="UTF-8"?>
<testng-results skipped="0" failed="0" ignored="0" total="4" passed="4">
  <reporter-output>
  </reporter-output>
  <suite name="Default suite" duration-ms="18839" started-at="2020-03-11T17:19:25 IST" finished-at="2020-03-11T17:19:44 IST">
    <groups>
    </groups>
    <test name="Default test" duration-ms="18839" started-at="2020-03-11T17:19:25 IST" finished-at="2020-03-11T17:19:44 IST">
      <class name="trivago.ChromeConfigureRegister">
        <test-method status="PASS" signature="configure()[pri:0, instance:trivago.ChromeConfigureRegister@4e9ba398]" name="configure" is-config="true" duration-ms="15602" started-at="2020-03-11T17:19:25 IST" finished-at="2020-03-11T17:19:40 IST">
          <reporter-output>
          </reporter-output>
        </test-method> <!-- configure -->
        <test-method status="PASS" signature="clickonlogin()[pri:0, instance:trivago.ChromeConfigureRegister@4e9ba398]" name="clickonlogin" duration-ms="1563" started-at="2020-03-11T17:19:40 IST" finished-at="2020-03-11T17:19:42 IST">
          <reporter-output>
          </reporter-output>
        </test-method> <!-- clickonlogin -->
        <test-method status="PASS" signature="createaccount()[pri:1, instance:trivago.ChromeConfigureRegister@4e9ba398]" name="createaccount" duration-ms="99" started-at="2020-03-11T17:19:42 IST" finished-at="2020-03-11T17:19:42 IST">
          <reporter-output>
          </reporter-output>
        </test-method> <!-- createaccount -->
        <test-method status="PASS" signature="addcredentials()[pri:2, instance:trivago.ChromeConfigureRegister@4e9ba398]" name="addcredentials" duration-ms="177" started-at="2020-03-11T17:19:42 IST" finished-at="2020-03-11T17:19:42 IST">
          <reporter-output>
          </reporter-output>
        </test-method> <!-- addcredentials -->
        <test-method status="PASS" signature="register()[pri:3, instance:trivago.ChromeConfigureRegister@4e9ba398]" name="register" duration-ms="733" started-at="2020-03-11T17:19:42 IST" finished-at="2020-03-11T17:19:43 IST">
          <reporter-output>
          </reporter-output>
        </test-method> <!-- register -->
        <test-method status="PASS" signature="closebrowser()[pri:0, instance:trivago.ChromeConfigureRegister@4e9ba398]" name="closebrowser" is-config="true" duration-ms="635" started-at="2020-03-11T17:19:43 IST" finished-at="2020-03-11T17:19:44 IST">
          <reporter-output>
          </reporter-output>
        </test-method> <!-- closebrowser -->
      </class> <!-- trivago.ChromeConfigureRegister -->
    </test> <!-- Default test -->
  </suite> <!-- Default suite -->
</testng-results>
